The target system is: Linux -  - 
The host system is: Darwin - 16.0.0 - x86_64
Compiling the C compiler identification source file "CMakeCCompilerId.c" succeeded.
Compiler: /usr/local/bin/arm-frc-linux-gnueabi-gcc 
Build flags: 
Id flags: 

The output was:
0


Compilation of the C compiler identification source "CMakeCCompilerId.c" produced "a.out"

The C compiler identification is GNU, found in "/Users/Andy/frc-2017-season/build/CMakeFiles/3.6.2/CompilerIdC/a.out"

Compiling the CXX compiler identification source file "CMakeCXXCompilerId.cpp" succeeded.
Compiler: /usr/local/bin/arm-frc-linux-gnueabi-g++ 
Build flags: 
Id flags: 

The output was:
0


Compilation of the CXX compiler identification source "CMakeCXXCompilerId.cpp" produced "a.out"

The CXX compiler identification is GNU, found in "/Users/Andy/frc-2017-season/build/CMakeFiles/3.6.2/CompilerIdCXX/a.out"

Determining if the C compiler works passed with the following output:
Change Dir: /Users/Andy/frc-2017-season/build/CMakeFiles/CMakeTmp

Run Build Command:"/usr/bin/make" "cmTC_bf6f1/fast"
/Applications/Xcode.app/Contents/Developer/usr/bin/make -f CMakeFiles/cmTC_bf6f1.dir/build.make CMakeFiles/cmTC_bf6f1.dir/build
Building C object CMakeFiles/cmTC_bf6f1.dir/testCCompiler.c.o
/usr/local/bin/arm-frc-linux-gnueabi-gcc  --sysroot=/usr/local/arm-frc-linux-gnueabi    -o CMakeFiles/cmTC_bf6f1.dir/testCCompiler.c.o   -c /Users/Andy/frc-2017-season/build/CMakeFiles/CMakeTmp/testCCompiler.c
Linking C executable cmTC_bf6f1
/usr/local/Cellar/cmake/3.6.2/bin/cmake -E cmake_link_script CMakeFiles/cmTC_bf6f1.dir/link.txt --verbose=1
/usr/local/bin/arm-frc-linux-gnueabi-gcc  --sysroot=/usr/local/arm-frc-linux-gnueabi      CMakeFiles/cmTC_bf6f1.dir/testCCompiler.c.o  -o cmTC_bf6f1 -rdynamic 


Detecting C compiler ABI info compiled with the following output:
Change Dir: /Users/Andy/frc-2017-season/build/CMakeFiles/CMakeTmp

Run Build Command:"/usr/bin/make" "cmTC_0768d/fast"
/Applications/Xcode.app/Contents/Developer/usr/bin/make -f CMakeFiles/cmTC_0768d.dir/build.make CMakeFiles/cmTC_0768d.dir/build
Building C object CMakeFiles/cmTC_0768d.dir/CMakeCCompilerABI.c.o
/usr/local/bin/arm-frc-linux-gnueabi-gcc  --sysroot=/usr/local/arm-frc-linux-gnueabi    -o CMakeFiles/cmTC_0768d.dir/CMakeCCompilerABI.c.o   -c /usr/local/Cellar/cmake/3.6.2/share/cmake/Modules/CMakeCCompilerABI.c
Linking C executable cmTC_0768d
/usr/local/Cellar/cmake/3.6.2/bin/cmake -E cmake_link_script CMakeFiles/cmTC_0768d.dir/link.txt --verbose=1
/usr/local/bin/arm-frc-linux-gnueabi-gcc  --sysroot=/usr/local/arm-frc-linux-gnueabi     -v CMakeFiles/cmTC_0768d.dir/CMakeCCompilerABI.c.o  -o cmTC_0768d -rdynamic  
Using built-in specs.
COLLECT_GCC=/usr/local/bin/arm-frc-linux-gnueabi-gcc
COLLECT_LTO_WRAPPER=/usr/local/libexec/gcc/arm-frc-linux-gnueabi/4.9.3/lto-wrapper
Target: arm-frc-linux-gnueabi
Configured with: ../gcc-4.9.3/configure --enable-threads=posix --target=arm-frc-linux-gnueabi --with-arch=armv7-a --with-cpu=cortex-a9 --with-float=softfp --with-fpu=vfpv3 --with-specs='%{save-temps: -fverbose-asm} %{funwind-tables|fno-unwind-tables|mabi=*|ffreestanding|nostdlib:;:-funwind-tables}' --enable-languages=c,c++ --enable-shared --enable-lto --disable-nls --with-pkgversion='GCC for FRC' --with-cloog --disable-multilib --disable-multiarch --prefix=/usr/local --with-sysroot=/usr/local/arm-frc-linux-gnueabi --enable-poison-system-directories --disable-libmudflap --with-build-sysroot=/usr/local/arm-frc-linux-gnueabi --with-system-zlib
Thread model: posix
gcc version 4.9.3 (GCC for FRC) 
COMPILER_PATH=/usr/local/libexec/gcc/arm-frc-linux-gnueabi/4.9.3/:/usr/local/libexec/gcc/arm-frc-linux-gnueabi/4.9.3/:/usr/local/libexec/gcc/arm-frc-linux-gnueabi/:/usr/local/lib/gcc/arm-frc-linux-gnueabi/4.9.3/:/usr/local/lib/gcc/arm-frc-linux-gnueabi/:/usr/local/lib/gcc/arm-frc-linux-gnueabi/4.9.3/../../../../arm-frc-linux-gnueabi/bin/
LIBRARY_PATH=/usr/local/lib/gcc/arm-frc-linux-gnueabi/4.9.3/:/usr/local/lib/gcc/arm-frc-linux-gnueabi/4.9.3/../../../../arm-frc-linux-gnueabi/lib/:/usr/local/arm-frc-linux-gnueabi/lib/:/usr/local/arm-frc-linux-gnueabi/usr/lib/
COLLECT_GCC_OPTIONS='-v' '-o' 'cmTC_0768d' '-rdynamic' '-march=armv7-a' '-mfloat-abi=softfp' '-mfpu=vfpv3' '-mtls-dialect=gnu' '-funwind-tables'
 /usr/local/libexec/gcc/arm-frc-linux-gnueabi/4.9.3/collect2 -plugin /usr/local/libexec/gcc/arm-frc-linux-gnueabi/4.9.3/liblto_plugin.so -plugin-opt=/usr/local/libexec/gcc/arm-frc-linux-gnueabi/4.9.3/lto-wrapper -plugin-opt=-fresolution=/var/folders/l2/xnlbs91148jbj4fx8whsfrj00000gn/T//ccP7qTZ0.res -plugin-opt=-pass-through=-lgcc -plugin-opt=-pass-through=-lgcc_s -plugin-opt=-pass-through=-lc -plugin-opt=-pass-through=-lgcc -plugin-opt=-pass-through=-lgcc_s --sysroot=/usr/local/arm-frc-linux-gnueabi --eh-frame-hdr -export-dynamic -dynamic-linker /lib/ld-linux.so.3 -X -m armelf_linux_eabi -o cmTC_0768d /usr/local/arm-frc-linux-gnueabi/usr/lib/crt1.o /usr/local/arm-frc-linux-gnueabi/usr/lib/crti.o /usr/local/lib/gcc/arm-frc-linux-gnueabi/4.9.3/crtbegin.o -L/usr/local/lib/gcc/arm-frc-linux-gnueabi/4.9.3 -L/usr/local/lib/gcc/arm-frc-linux-gnueabi/4.9.3/../../../../arm-frc-linux-gnueabi/lib -L/usr/local/arm-frc-linux-gnueabi/lib -L/usr/local/arm-frc-linux-gnueabi/usr/lib CMakeFiles/cmTC_0768d.dir/CMakeCCompilerABI.c.o -lgcc --as-needed -lgcc_s --no-as-needed -lc -lgcc --as-needed -lgcc_s --no-as-needed /usr/local/lib/gcc/arm-frc-linux-gnueabi/4.9.3/crtend.o /usr/local/arm-frc-linux-gnueabi/usr/lib/crtn.o


Parsed C implicit link information from above output:
  link line regex: [^( *|.*[/\])(arm-frc-linux-gnueabi-ld|([^/\]+-)?ld|collect2)[^/\]*( |$)]
  ignore line: [Change Dir: /Users/Andy/frc-2017-season/build/CMakeFiles/CMakeTmp]
  ignore line: []
  ignore line: [Run Build Command:"/usr/bin/make" "cmTC_0768d/fast"]
  ignore line: [/Applications/Xcode.app/Contents/Developer/usr/bin/make -f CMakeFiles/cmTC_0768d.dir/build.make CMakeFiles/cmTC_0768d.dir/build]
  ignore line: [Building C object CMakeFiles/cmTC_0768d.dir/CMakeCCompilerABI.c.o]
  ignore line: [/usr/local/bin/arm-frc-linux-gnueabi-gcc  --sysroot=/usr/local/arm-frc-linux-gnueabi    -o CMakeFiles/cmTC_0768d.dir/CMakeCCompilerABI.c.o   -c /usr/local/Cellar/cmake/3.6.2/share/cmake/Modules/CMakeCCompilerABI.c]
  ignore line: [Linking C executable cmTC_0768d]
  ignore line: [/usr/local/Cellar/cmake/3.6.2/bin/cmake -E cmake_link_script CMakeFiles/cmTC_0768d.dir/link.txt --verbose=1]
  ignore line: [/usr/local/bin/arm-frc-linux-gnueabi-gcc  --sysroot=/usr/local/arm-frc-linux-gnueabi     -v CMakeFiles/cmTC_0768d.dir/CMakeCCompilerABI.c.o  -o cmTC_0768d -rdynamic  ]
  ignore line: [Using built-in specs.]
  ignore line: [COLLECT_GCC=/usr/local/bin/arm-frc-linux-gnueabi-gcc]
  ignore line: [COLLECT_LTO_WRAPPER=/usr/local/libexec/gcc/arm-frc-linux-gnueabi/4.9.3/lto-wrapper]
  ignore line: [Target: arm-frc-linux-gnueabi]
  ignore line: [Configured with: ../gcc-4.9.3/configure --enable-threads=posix --target=arm-frc-linux-gnueabi --with-arch=armv7-a --with-cpu=cortex-a9 --with-float=softfp --with-fpu=vfpv3 --with-specs='%{save-temps: -fverbose-asm} %{funwind-tables|fno-unwind-tables|mabi=*|ffreestanding|nostdlib:]
  ignore line: [:-funwind-tables}' --enable-languages=c,c++ --enable-shared --enable-lto --disable-nls --with-pkgversion='GCC for FRC' --with-cloog --disable-multilib --disable-multiarch --prefix=/usr/local --with-sysroot=/usr/local/arm-frc-linux-gnueabi --enable-poison-system-directories --disable-libmudflap --with-build-sysroot=/usr/local/arm-frc-linux-gnueabi --with-system-zlib]
  ignore line: [Thread model: posix]
  ignore line: [gcc version 4.9.3 (GCC for FRC) ]
  ignore line: [COMPILER_PATH=/usr/local/libexec/gcc/arm-frc-linux-gnueabi/4.9.3/:/usr/local/libexec/gcc/arm-frc-linux-gnueabi/4.9.3/:/usr/local/libexec/gcc/arm-frc-linux-gnueabi/:/usr/local/lib/gcc/arm-frc-linux-gnueabi/4.9.3/:/usr/local/lib/gcc/arm-frc-linux-gnueabi/:/usr/local/lib/gcc/arm-frc-linux-gnueabi/4.9.3/../../../../arm-frc-linux-gnueabi/bin/]
  ignore line: [LIBRARY_PATH=/usr/local/lib/gcc/arm-frc-linux-gnueabi/4.9.3/:/usr/local/lib/gcc/arm-frc-linux-gnueabi/4.9.3/../../../../arm-frc-linux-gnueabi/lib/:/usr/local/arm-frc-linux-gnueabi/lib/:/usr/local/arm-frc-linux-gnueabi/usr/lib/]
  ignore line: [COLLECT_GCC_OPTIONS='-v' '-o' 'cmTC_0768d' '-rdynamic' '-march=armv7-a' '-mfloat-abi=softfp' '-mfpu=vfpv3' '-mtls-dialect=gnu' '-funwind-tables']
  link line: [ /usr/local/libexec/gcc/arm-frc-linux-gnueabi/4.9.3/collect2 -plugin /usr/local/libexec/gcc/arm-frc-linux-gnueabi/4.9.3/liblto_plugin.so -plugin-opt=/usr/local/libexec/gcc/arm-frc-linux-gnueabi/4.9.3/lto-wrapper -plugin-opt=-fresolution=/var/folders/l2/xnlbs91148jbj4fx8whsfrj00000gn/T//ccP7qTZ0.res -plugin-opt=-pass-through=-lgcc -plugin-opt=-pass-through=-lgcc_s -plugin-opt=-pass-through=-lc -plugin-opt=-pass-through=-lgcc -plugin-opt=-pass-through=-lgcc_s --sysroot=/usr/local/arm-frc-linux-gnueabi --eh-frame-hdr -export-dynamic -dynamic-linker /lib/ld-linux.so.3 -X -m armelf_linux_eabi -o cmTC_0768d /usr/local/arm-frc-linux-gnueabi/usr/lib/crt1.o /usr/local/arm-frc-linux-gnueabi/usr/lib/crti.o /usr/local/lib/gcc/arm-frc-linux-gnueabi/4.9.3/crtbegin.o -L/usr/local/lib/gcc/arm-frc-linux-gnueabi/4.9.3 -L/usr/local/lib/gcc/arm-frc-linux-gnueabi/4.9.3/../../../../arm-frc-linux-gnueabi/lib -L/usr/local/arm-frc-linux-gnueabi/lib -L/usr/local/arm-frc-linux-gnueabi/usr/lib CMakeFiles/cmTC_0768d.dir/CMakeCCompilerABI.c.o -lgcc --as-needed -lgcc_s --no-as-needed -lc -lgcc --as-needed -lgcc_s --no-as-needed /usr/local/lib/gcc/arm-frc-linux-gnueabi/4.9.3/crtend.o /usr/local/arm-frc-linux-gnueabi/usr/lib/crtn.o]
    arg [/usr/local/libexec/gcc/arm-frc-linux-gnueabi/4.9.3/collect2] ==> ignore
    arg [-plugin] ==> ignore
    arg [/usr/local/libexec/gcc/arm-frc-linux-gnueabi/4.9.3/liblto_plugin.so] ==> ignore
    arg [-plugin-opt=/usr/local/libexec/gcc/arm-frc-linux-gnueabi/4.9.3/lto-wrapper] ==> ignore
    arg [-plugin-opt=-fresolution=/var/folders/l2/xnlbs91148jbj4fx8whsfrj00000gn/T//ccP7qTZ0.res] ==> ignore
    arg [-plugin-opt=-pass-through=-lgcc] ==> ignore
    arg [-plugin-opt=-pass-through=-lgcc_s] ==> ignore
    arg [-plugin-opt=-pass-through=-lc] ==> ignore
    arg [-plugin-opt=-pass-through=-lgcc] ==> ignore
    arg [-plugin-opt=-pass-through=-lgcc_s] ==> ignore
    arg [--sysroot=/usr/local/arm-frc-linux-gnueabi] ==> ignore
    arg [--eh-frame-hdr] ==> ignore
    arg [-export-dynamic] ==> ignore
    arg [-dynamic-linker] ==> ignore
    arg [/lib/ld-linux.so.3] ==> ignore
    arg [-X] ==> ignore
    arg [-m] ==> ignore
    arg [armelf_linux_eabi] ==> ignore
    arg [-o] ==> ignore
    arg [cmTC_0768d] ==> ignore
    arg [/usr/local/arm-frc-linux-gnueabi/usr/lib/crt1.o] ==> ignore
    arg [/usr/local/arm-frc-linux-gnueabi/usr/lib/crti.o] ==> ignore
    arg [/usr/local/lib/gcc/arm-frc-linux-gnueabi/4.9.3/crtbegin.o] ==> ignore
    arg [-L/usr/local/lib/gcc/arm-frc-linux-gnueabi/4.9.3] ==> dir [/usr/local/lib/gcc/arm-frc-linux-gnueabi/4.9.3]
    arg [-L/usr/local/lib/gcc/arm-frc-linux-gnueabi/4.9.3/../../../../arm-frc-linux-gnueabi/lib] ==> dir [/usr/local/lib/gcc/arm-frc-linux-gnueabi/4.9.3/../../../../arm-frc-linux-gnueabi/lib]
    arg [-L/usr/local/arm-frc-linux-gnueabi/lib] ==> dir [/usr/local/arm-frc-linux-gnueabi/lib]
    arg [-L/usr/local/arm-frc-linux-gnueabi/usr/lib] ==> dir [/usr/local/arm-frc-linux-gnueabi/usr/lib]
    arg [CMakeFiles/cmTC_0768d.dir/CMakeCCompilerABI.c.o] ==> ignore
    arg [-lgcc] ==> lib [gcc]
    arg [--as-needed] ==> ignore
    arg [-lgcc_s] ==> lib [gcc_s]
    arg [--no-as-needed] ==> ignore
    arg [-lc] ==> lib [c]
    arg [-lgcc] ==> lib [gcc]
    arg [--as-needed] ==> ignore
    arg [-lgcc_s] ==> lib [gcc_s]
    arg [--no-as-needed] ==> ignore
    arg [/usr/local/lib/gcc/arm-frc-linux-gnueabi/4.9.3/crtend.o] ==> ignore
    arg [/usr/local/arm-frc-linux-gnueabi/usr/lib/crtn.o] ==> ignore
  remove lib [gcc]
  remove lib [gcc_s]
  remove lib [gcc]
  remove lib [gcc_s]
  collapse library dir [/usr/local/lib/gcc/arm-frc-linux-gnueabi/4.9.3] ==> [/usr/local/lib/gcc/arm-frc-linux-gnueabi/4.9.3]
  collapse library dir [/usr/local/lib/gcc/arm-frc-linux-gnueabi/4.9.3/../../../../arm-frc-linux-gnueabi/lib] ==> [/usr/local/arm-frc-linux-gnueabi/lib]
  collapse library dir [/usr/local/arm-frc-linux-gnueabi/lib] ==> [/usr/local/arm-frc-linux-gnueabi/lib]
  collapse library dir [/usr/local/arm-frc-linux-gnueabi/usr/lib] ==> [/usr/local/arm-frc-linux-gnueabi/usr/lib]
  implicit libs: [c]
  implicit dirs: [/usr/local/lib/gcc/arm-frc-linux-gnueabi/4.9.3;/usr/local/arm-frc-linux-gnueabi/lib;/usr/local/arm-frc-linux-gnueabi/usr/lib]
  implicit fwks: []




Detecting C [-std=c11] compiler features compiled with the following output:
Change Dir: /Users/Andy/frc-2017-season/build/CMakeFiles/CMakeTmp

Run Build Command:"/usr/bin/make" "cmTC_215ad/fast"
/Applications/Xcode.app/Contents/Developer/usr/bin/make -f CMakeFiles/cmTC_215ad.dir/build.make CMakeFiles/cmTC_215ad.dir/build
Building C object CMakeFiles/cmTC_215ad.dir/feature_tests.c.o
/usr/local/bin/arm-frc-linux-gnueabi-gcc  --sysroot=/usr/local/arm-frc-linux-gnueabi   -std=c11 -o CMakeFiles/cmTC_215ad.dir/feature_tests.c.o   -c /Users/Andy/frc-2017-season/build/CMakeFiles/feature_tests.c
Linking C executable cmTC_215ad
/usr/local/Cellar/cmake/3.6.2/bin/cmake -E cmake_link_script CMakeFiles/cmTC_215ad.dir/link.txt --verbose=1
/usr/local/bin/arm-frc-linux-gnueabi-gcc  --sysroot=/usr/local/arm-frc-linux-gnueabi      CMakeFiles/cmTC_215ad.dir/feature_tests.c.o  -o cmTC_215ad -rdynamic 


    Feature record: C_FEATURE:1c_function_prototypes
    Feature record: C_FEATURE:1c_restrict
    Feature record: C_FEATURE:1c_static_assert
    Feature record: C_FEATURE:1c_variadic_macros


Detecting C [-std=c99] compiler features compiled with the following output:
Change Dir: /Users/Andy/frc-2017-season/build/CMakeFiles/CMakeTmp

Run Build Command:"/usr/bin/make" "cmTC_03862/fast"
/Applications/Xcode.app/Contents/Developer/usr/bin/make -f CMakeFiles/cmTC_03862.dir/build.make CMakeFiles/cmTC_03862.dir/build
Building C object CMakeFiles/cmTC_03862.dir/feature_tests.c.o
/usr/local/bin/arm-frc-linux-gnueabi-gcc  --sysroot=/usr/local/arm-frc-linux-gnueabi   -std=c99 -o CMakeFiles/cmTC_03862.dir/feature_tests.c.o   -c /Users/Andy/frc-2017-season/build/CMakeFiles/feature_tests.c
Linking C executable cmTC_03862
/usr/local/Cellar/cmake/3.6.2/bin/cmake -E cmake_link_script CMakeFiles/cmTC_03862.dir/link.txt --verbose=1
/usr/local/bin/arm-frc-linux-gnueabi-gcc  --sysroot=/usr/local/arm-frc-linux-gnueabi      CMakeFiles/cmTC_03862.dir/feature_tests.c.o  -o cmTC_03862 -rdynamic 


    Feature record: C_FEATURE:1c_function_prototypes
    Feature record: C_FEATURE:1c_restrict
    Feature record: C_FEATURE:0c_static_assert
    Feature record: C_FEATURE:1c_variadic_macros


Detecting C [-std=c90] compiler features compiled with the following output:
Change Dir: /Users/Andy/frc-2017-season/build/CMakeFiles/CMakeTmp

Run Build Command:"/usr/bin/make" "cmTC_de99d/fast"
/Applications/Xcode.app/Contents/Developer/usr/bin/make -f CMakeFiles/cmTC_de99d.dir/build.make CMakeFiles/cmTC_de99d.dir/build
Building C object CMakeFiles/cmTC_de99d.dir/feature_tests.c.o
/usr/local/bin/arm-frc-linux-gnueabi-gcc  --sysroot=/usr/local/arm-frc-linux-gnueabi   -std=c90 -o CMakeFiles/cmTC_de99d.dir/feature_tests.c.o   -c /Users/Andy/frc-2017-season/build/CMakeFiles/feature_tests.c
Linking C executable cmTC_de99d
/usr/local/Cellar/cmake/3.6.2/bin/cmake -E cmake_link_script CMakeFiles/cmTC_de99d.dir/link.txt --verbose=1
/usr/local/bin/arm-frc-linux-gnueabi-gcc  --sysroot=/usr/local/arm-frc-linux-gnueabi      CMakeFiles/cmTC_de99d.dir/feature_tests.c.o  -o cmTC_de99d -rdynamic 


    Feature record: C_FEATURE:1c_function_prototypes
    Feature record: C_FEATURE:0c_restrict
    Feature record: C_FEATURE:0c_static_assert
    Feature record: C_FEATURE:0c_variadic_macros
Determining if the CXX compiler works passed with the following output:
Change Dir: /Users/Andy/frc-2017-season/build/CMakeFiles/CMakeTmp

Run Build Command:"/usr/bin/make" "cmTC_155d7/fast"
/Applications/Xcode.app/Contents/Developer/usr/bin/make -f CMakeFiles/cmTC_155d7.dir/build.make CMakeFiles/cmTC_155d7.dir/build
Building CXX object CMakeFiles/cmTC_155d7.dir/testCXXCompiler.cxx.o
/usr/local/bin/arm-frc-linux-gnueabi-g++  --sysroot=/usr/local/arm-frc-linux-gnueabi     -o CMakeFiles/cmTC_155d7.dir/testCXXCompiler.cxx.o -c /Users/Andy/frc-2017-season/build/CMakeFiles/CMakeTmp/testCXXCompiler.cxx
Linking CXX executable cmTC_155d7
/usr/local/Cellar/cmake/3.6.2/bin/cmake -E cmake_link_script CMakeFiles/cmTC_155d7.dir/link.txt --verbose=1
/usr/local/bin/arm-frc-linux-gnueabi-g++  --sysroot=/usr/local/arm-frc-linux-gnueabi       CMakeFiles/cmTC_155d7.dir/testCXXCompiler.cxx.o  -o cmTC_155d7 -rdynamic 


Detecting CXX compiler ABI info compiled with the following output:
Change Dir: /Users/Andy/frc-2017-season/build/CMakeFiles/CMakeTmp

Run Build Command:"/usr/bin/make" "cmTC_ac087/fast"
/Applications/Xcode.app/Contents/Developer/usr/bin/make -f CMakeFiles/cmTC_ac087.dir/build.make CMakeFiles/cmTC_ac087.dir/build
Building CXX object CMakeFiles/cmTC_ac087.dir/CMakeCXXCompilerABI.cpp.o
/usr/local/bin/arm-frc-linux-gnueabi-g++  --sysroot=/usr/local/arm-frc-linux-gnueabi     -o CMakeFiles/cmTC_ac087.dir/CMakeCXXCompilerABI.cpp.o -c /usr/local/Cellar/cmake/3.6.2/share/cmake/Modules/CMakeCXXCompilerABI.cpp
Linking CXX executable cmTC_ac087
/usr/local/Cellar/cmake/3.6.2/bin/cmake -E cmake_link_script CMakeFiles/cmTC_ac087.dir/link.txt --verbose=1
/usr/local/bin/arm-frc-linux-gnueabi-g++  --sysroot=/usr/local/arm-frc-linux-gnueabi      -v CMakeFiles/cmTC_ac087.dir/CMakeCXXCompilerABI.cpp.o  -o cmTC_ac087 -rdynamic  
Using built-in specs.
COLLECT_GCC=/usr/local/bin/arm-frc-linux-gnueabi-g++
COLLECT_LTO_WRAPPER=/usr/local/libexec/gcc/arm-frc-linux-gnueabi/4.9.3/lto-wrapper
Target: arm-frc-linux-gnueabi
Configured with: ../gcc-4.9.3/configure --enable-threads=posix --target=arm-frc-linux-gnueabi --with-arch=armv7-a --with-cpu=cortex-a9 --with-float=softfp --with-fpu=vfpv3 --with-specs='%{save-temps: -fverbose-asm} %{funwind-tables|fno-unwind-tables|mabi=*|ffreestanding|nostdlib:;:-funwind-tables}' --enable-languages=c,c++ --enable-shared --enable-lto --disable-nls --with-pkgversion='GCC for FRC' --with-cloog --disable-multilib --disable-multiarch --prefix=/usr/local --with-sysroot=/usr/local/arm-frc-linux-gnueabi --enable-poison-system-directories --disable-libmudflap --with-build-sysroot=/usr/local/arm-frc-linux-gnueabi --with-system-zlib
Thread model: posix
gcc version 4.9.3 (GCC for FRC) 
COMPILER_PATH=/usr/local/libexec/gcc/arm-frc-linux-gnueabi/4.9.3/:/usr/local/libexec/gcc/arm-frc-linux-gnueabi/4.9.3/:/usr/local/libexec/gcc/arm-frc-linux-gnueabi/:/usr/local/lib/gcc/arm-frc-linux-gnueabi/4.9.3/:/usr/local/lib/gcc/arm-frc-linux-gnueabi/:/usr/local/lib/gcc/arm-frc-linux-gnueabi/4.9.3/../../../../arm-frc-linux-gnueabi/bin/
LIBRARY_PATH=/usr/local/lib/gcc/arm-frc-linux-gnueabi/4.9.3/:/usr/local/lib/gcc/arm-frc-linux-gnueabi/4.9.3/../../../../arm-frc-linux-gnueabi/lib/:/usr/local/arm-frc-linux-gnueabi/lib/:/usr/local/arm-frc-linux-gnueabi/usr/lib/
COLLECT_GCC_OPTIONS='-v' '-o' 'cmTC_ac087' '-rdynamic' '-shared-libgcc' '-march=armv7-a' '-mfloat-abi=softfp' '-mfpu=vfpv3' '-mtls-dialect=gnu' '-funwind-tables'
 /usr/local/libexec/gcc/arm-frc-linux-gnueabi/4.9.3/collect2 -plugin /usr/local/libexec/gcc/arm-frc-linux-gnueabi/4.9.3/liblto_plugin.so -plugin-opt=/usr/local/libexec/gcc/arm-frc-linux-gnueabi/4.9.3/lto-wrapper -plugin-opt=-fresolution=/var/folders/l2/xnlbs91148jbj4fx8whsfrj00000gn/T//ccCUV0Zb.res -plugin-opt=-pass-through=-lgcc_s -plugin-opt=-pass-through=-lgcc -plugin-opt=-pass-through=-lc -plugin-opt=-pass-through=-lgcc_s -plugin-opt=-pass-through=-lgcc --sysroot=/usr/local/arm-frc-linux-gnueabi --eh-frame-hdr -export-dynamic -dynamic-linker /lib/ld-linux.so.3 -X -m armelf_linux_eabi -o cmTC_ac087 /usr/local/arm-frc-linux-gnueabi/usr/lib/crt1.o /usr/local/arm-frc-linux-gnueabi/usr/lib/crti.o /usr/local/lib/gcc/arm-frc-linux-gnueabi/4.9.3/crtbegin.o -L/usr/local/lib/gcc/arm-frc-linux-gnueabi/4.9.3 -L/usr/local/lib/gcc/arm-frc-linux-gnueabi/4.9.3/../../../../arm-frc-linux-gnueabi/lib -L/usr/local/arm-frc-linux-gnueabi/lib -L/usr/local/arm-frc-linux-gnueabi/usr/lib CMakeFiles/cmTC_ac087.dir/CMakeCXXCompilerABI.cpp.o -lstdc++ -lm -lgcc_s -lgcc -lc -lgcc_s -lgcc /usr/local/lib/gcc/arm-frc-linux-gnueabi/4.9.3/crtend.o /usr/local/arm-frc-linux-gnueabi/usr/lib/crtn.o


Parsed CXX implicit link information from above output:
  link line regex: [^( *|.*[/\])(arm-frc-linux-gnueabi-ld|([^/\]+-)?ld|collect2)[^/\]*( |$)]
  ignore line: [Change Dir: /Users/Andy/frc-2017-season/build/CMakeFiles/CMakeTmp]
  ignore line: []
  ignore line: [Run Build Command:"/usr/bin/make" "cmTC_ac087/fast"]
  ignore line: [/Applications/Xcode.app/Contents/Developer/usr/bin/make -f CMakeFiles/cmTC_ac087.dir/build.make CMakeFiles/cmTC_ac087.dir/build]
  ignore line: [Building CXX object CMakeFiles/cmTC_ac087.dir/CMakeCXXCompilerABI.cpp.o]
  ignore line: [/usr/local/bin/arm-frc-linux-gnueabi-g++  --sysroot=/usr/local/arm-frc-linux-gnueabi     -o CMakeFiles/cmTC_ac087.dir/CMakeCXXCompilerABI.cpp.o -c /usr/local/Cellar/cmake/3.6.2/share/cmake/Modules/CMakeCXXCompilerABI.cpp]
  ignore line: [Linking CXX executable cmTC_ac087]
  ignore line: [/usr/local/Cellar/cmake/3.6.2/bin/cmake -E cmake_link_script CMakeFiles/cmTC_ac087.dir/link.txt --verbose=1]
  ignore line: [/usr/local/bin/arm-frc-linux-gnueabi-g++  --sysroot=/usr/local/arm-frc-linux-gnueabi      -v CMakeFiles/cmTC_ac087.dir/CMakeCXXCompilerABI.cpp.o  -o cmTC_ac087 -rdynamic  ]
  ignore line: [Using built-in specs.]
  ignore line: [COLLECT_GCC=/usr/local/bin/arm-frc-linux-gnueabi-g++]
  ignore line: [COLLECT_LTO_WRAPPER=/usr/local/libexec/gcc/arm-frc-linux-gnueabi/4.9.3/lto-wrapper]
  ignore line: [Target: arm-frc-linux-gnueabi]
  ignore line: [Configured with: ../gcc-4.9.3/configure --enable-threads=posix --target=arm-frc-linux-gnueabi --with-arch=armv7-a --with-cpu=cortex-a9 --with-float=softfp --with-fpu=vfpv3 --with-specs='%{save-temps: -fverbose-asm} %{funwind-tables|fno-unwind-tables|mabi=*|ffreestanding|nostdlib:]
  ignore line: [:-funwind-tables}' --enable-languages=c,c++ --enable-shared --enable-lto --disable-nls --with-pkgversion='GCC for FRC' --with-cloog --disable-multilib --disable-multiarch --prefix=/usr/local --with-sysroot=/usr/local/arm-frc-linux-gnueabi --enable-poison-system-directories --disable-libmudflap --with-build-sysroot=/usr/local/arm-frc-linux-gnueabi --with-system-zlib]
  ignore line: [Thread model: posix]
  ignore line: [gcc version 4.9.3 (GCC for FRC) ]
  ignore line: [COMPILER_PATH=/usr/local/libexec/gcc/arm-frc-linux-gnueabi/4.9.3/:/usr/local/libexec/gcc/arm-frc-linux-gnueabi/4.9.3/:/usr/local/libexec/gcc/arm-frc-linux-gnueabi/:/usr/local/lib/gcc/arm-frc-linux-gnueabi/4.9.3/:/usr/local/lib/gcc/arm-frc-linux-gnueabi/:/usr/local/lib/gcc/arm-frc-linux-gnueabi/4.9.3/../../../../arm-frc-linux-gnueabi/bin/]
  ignore line: [LIBRARY_PATH=/usr/local/lib/gcc/arm-frc-linux-gnueabi/4.9.3/:/usr/local/lib/gcc/arm-frc-linux-gnueabi/4.9.3/../../../../arm-frc-linux-gnueabi/lib/:/usr/local/arm-frc-linux-gnueabi/lib/:/usr/local/arm-frc-linux-gnueabi/usr/lib/]
  ignore line: [COLLECT_GCC_OPTIONS='-v' '-o' 'cmTC_ac087' '-rdynamic' '-shared-libgcc' '-march=armv7-a' '-mfloat-abi=softfp' '-mfpu=vfpv3' '-mtls-dialect=gnu' '-funwind-tables']
  link line: [ /usr/local/libexec/gcc/arm-frc-linux-gnueabi/4.9.3/collect2 -plugin /usr/local/libexec/gcc/arm-frc-linux-gnueabi/4.9.3/liblto_plugin.so -plugin-opt=/usr/local/libexec/gcc/arm-frc-linux-gnueabi/4.9.3/lto-wrapper -plugin-opt=-fresolution=/var/folders/l2/xnlbs91148jbj4fx8whsfrj00000gn/T//ccCUV0Zb.res -plugin-opt=-pass-through=-lgcc_s -plugin-opt=-pass-through=-lgcc -plugin-opt=-pass-through=-lc -plugin-opt=-pass-through=-lgcc_s -plugin-opt=-pass-through=-lgcc --sysroot=/usr/local/arm-frc-linux-gnueabi --eh-frame-hdr -export-dynamic -dynamic-linker /lib/ld-linux.so.3 -X -m armelf_linux_eabi -o cmTC_ac087 /usr/local/arm-frc-linux-gnueabi/usr/lib/crt1.o /usr/local/arm-frc-linux-gnueabi/usr/lib/crti.o /usr/local/lib/gcc/arm-frc-linux-gnueabi/4.9.3/crtbegin.o -L/usr/local/lib/gcc/arm-frc-linux-gnueabi/4.9.3 -L/usr/local/lib/gcc/arm-frc-linux-gnueabi/4.9.3/../../../../arm-frc-linux-gnueabi/lib -L/usr/local/arm-frc-linux-gnueabi/lib -L/usr/local/arm-frc-linux-gnueabi/usr/lib CMakeFiles/cmTC_ac087.dir/CMakeCXXCompilerABI.cpp.o -lstdc++ -lm -lgcc_s -lgcc -lc -lgcc_s -lgcc /usr/local/lib/gcc/arm-frc-linux-gnueabi/4.9.3/crtend.o /usr/local/arm-frc-linux-gnueabi/usr/lib/crtn.o]
    arg [/usr/local/libexec/gcc/arm-frc-linux-gnueabi/4.9.3/collect2] ==> ignore
    arg [-plugin] ==> ignore
    arg [/usr/local/libexec/gcc/arm-frc-linux-gnueabi/4.9.3/liblto_plugin.so] ==> ignore
    arg [-plugin-opt=/usr/local/libexec/gcc/arm-frc-linux-gnueabi/4.9.3/lto-wrapper] ==> ignore
    arg [-plugin-opt=-fresolution=/var/folders/l2/xnlbs91148jbj4fx8whsfrj00000gn/T//ccCUV0Zb.res] ==> ignore
    arg [-plugin-opt=-pass-through=-lgcc_s] ==> ignore
    arg [-plugin-opt=-pass-through=-lgcc] ==> ignore
    arg [-plugin-opt=-pass-through=-lc] ==> ignore
    arg [-plugin-opt=-pass-through=-lgcc_s] ==> ignore
    arg [-plugin-opt=-pass-through=-lgcc] ==> ignore
    arg [--sysroot=/usr/local/arm-frc-linux-gnueabi] ==> ignore
    arg [--eh-frame-hdr] ==> ignore
    arg [-export-dynamic] ==> ignore
    arg [-dynamic-linker] ==> ignore
    arg [/lib/ld-linux.so.3] ==> ignore
    arg [-X] ==> ignore
    arg [-m] ==> ignore
    arg [armelf_linux_eabi] ==> ignore
    arg [-o] ==> ignore
    arg [cmTC_ac087] ==> ignore
    arg [/usr/local/arm-frc-linux-gnueabi/usr/lib/crt1.o] ==> ignore
    arg [/usr/local/arm-frc-linux-gnueabi/usr/lib/crti.o] ==> ignore
    arg [/usr/local/lib/gcc/arm-frc-linux-gnueabi/4.9.3/crtbegin.o] ==> ignore
    arg [-L/usr/local/lib/gcc/arm-frc-linux-gnueabi/4.9.3] ==> dir [/usr/local/lib/gcc/arm-frc-linux-gnueabi/4.9.3]
    arg [-L/usr/local/lib/gcc/arm-frc-linux-gnueabi/4.9.3/../../../../arm-frc-linux-gnueabi/lib] ==> dir [/usr/local/lib/gcc/arm-frc-linux-gnueabi/4.9.3/../../../../arm-frc-linux-gnueabi/lib]
    arg [-L/usr/local/arm-frc-linux-gnueabi/lib] ==> dir [/usr/local/arm-frc-linux-gnueabi/lib]
    arg [-L/usr/local/arm-frc-linux-gnueabi/usr/lib] ==> dir [/usr/local/arm-frc-linux-gnueabi/usr/lib]
    arg [CMakeFiles/cmTC_ac087.dir/CMakeCXXCompilerABI.cpp.o] ==> ignore
    arg [-lstdc++] ==> lib [stdc++]
    arg [-lm] ==> lib [m]
    arg [-lgcc_s] ==> lib [gcc_s]
    arg [-lgcc] ==> lib [gcc]
    arg [-lc] ==> lib [c]
    arg [-lgcc_s] ==> lib [gcc_s]
    arg [-lgcc] ==> lib [gcc]
    arg [/usr/local/lib/gcc/arm-frc-linux-gnueabi/4.9.3/crtend.o] ==> ignore
    arg [/usr/local/arm-frc-linux-gnueabi/usr/lib/crtn.o] ==> ignore
  remove lib [gcc_s]
  remove lib [gcc]
  remove lib [gcc_s]
  remove lib [gcc]
  collapse library dir [/usr/local/lib/gcc/arm-frc-linux-gnueabi/4.9.3] ==> [/usr/local/lib/gcc/arm-frc-linux-gnueabi/4.9.3]
  collapse library dir [/usr/local/lib/gcc/arm-frc-linux-gnueabi/4.9.3/../../../../arm-frc-linux-gnueabi/lib] ==> [/usr/local/arm-frc-linux-gnueabi/lib]
  collapse library dir [/usr/local/arm-frc-linux-gnueabi/lib] ==> [/usr/local/arm-frc-linux-gnueabi/lib]
  collapse library dir [/usr/local/arm-frc-linux-gnueabi/usr/lib] ==> [/usr/local/arm-frc-linux-gnueabi/usr/lib]
  implicit libs: [stdc++;m;c]
  implicit dirs: [/usr/local/lib/gcc/arm-frc-linux-gnueabi/4.9.3;/usr/local/arm-frc-linux-gnueabi/lib;/usr/local/arm-frc-linux-gnueabi/usr/lib]
  implicit fwks: []




Detecting CXX [-std=c++14] compiler features compiled with the following output:
Change Dir: /Users/Andy/frc-2017-season/build/CMakeFiles/CMakeTmp

Run Build Command:"/usr/bin/make" "cmTC_be1ef/fast"
/Applications/Xcode.app/Contents/Developer/usr/bin/make -f CMakeFiles/cmTC_be1ef.dir/build.make CMakeFiles/cmTC_be1ef.dir/build
Building CXX object CMakeFiles/cmTC_be1ef.dir/feature_tests.cxx.o
/usr/local/bin/arm-frc-linux-gnueabi-g++  --sysroot=/usr/local/arm-frc-linux-gnueabi    -std=c++14 -o CMakeFiles/cmTC_be1ef.dir/feature_tests.cxx.o -c /Users/Andy/frc-2017-season/build/CMakeFiles/feature_tests.cxx
Linking CXX executable cmTC_be1ef
/usr/local/Cellar/cmake/3.6.2/bin/cmake -E cmake_link_script CMakeFiles/cmTC_be1ef.dir/link.txt --verbose=1
/usr/local/bin/arm-frc-linux-gnueabi-g++  --sysroot=/usr/local/arm-frc-linux-gnueabi       CMakeFiles/cmTC_be1ef.dir/feature_tests.cxx.o  -o cmTC_be1ef -rdynamic 


    Feature record: CXX_FEATURE:0cxx_aggregate_default_initializers
    Feature record: CXX_FEATURE:1cxx_alias_templates
    Feature record: CXX_FEATURE:1cxx_alignas
    Feature record: CXX_FEATURE:1cxx_alignof
    Feature record: CXX_FEATURE:1cxx_attributes
    Feature record: CXX_FEATURE:1cxx_attribute_deprecated
    Feature record: CXX_FEATURE:1cxx_auto_type
    Feature record: CXX_FEATURE:1cxx_binary_literals
    Feature record: CXX_FEATURE:1cxx_constexpr
    Feature record: CXX_FEATURE:1cxx_contextual_conversions
    Feature record: CXX_FEATURE:1cxx_decltype
    Feature record: CXX_FEATURE:1cxx_decltype_auto
    Feature record: CXX_FEATURE:1cxx_decltype_incomplete_return_types
    Feature record: CXX_FEATURE:1cxx_default_function_template_args
    Feature record: CXX_FEATURE:1cxx_defaulted_functions
    Feature record: CXX_FEATURE:1cxx_defaulted_move_initializers
    Feature record: CXX_FEATURE:1cxx_delegating_constructors
    Feature record: CXX_FEATURE:1cxx_deleted_functions
    Feature record: CXX_FEATURE:1cxx_digit_separators
    Feature record: CXX_FEATURE:1cxx_enum_forward_declarations
    Feature record: CXX_FEATURE:1cxx_explicit_conversions
    Feature record: CXX_FEATURE:1cxx_extended_friend_declarations
    Feature record: CXX_FEATURE:1cxx_extern_templates
    Feature record: CXX_FEATURE:1cxx_final
    Feature record: CXX_FEATURE:1cxx_func_identifier
    Feature record: CXX_FEATURE:1cxx_generalized_initializers
    Feature record: CXX_FEATURE:1cxx_generic_lambdas
    Feature record: CXX_FEATURE:1cxx_inheriting_constructors
    Feature record: CXX_FEATURE:1cxx_inline_namespaces
    Feature record: CXX_FEATURE:1cxx_lambdas
    Feature record: CXX_FEATURE:1cxx_lambda_init_captures
    Feature record: CXX_FEATURE:1cxx_local_type_template_args
    Feature record: CXX_FEATURE:1cxx_long_long_type
    Feature record: CXX_FEATURE:1cxx_noexcept
    Feature record: CXX_FEATURE:1cxx_nonstatic_member_init
    Feature record: CXX_FEATURE:1cxx_nullptr
    Feature record: CXX_FEATURE:1cxx_override
    Feature record: CXX_FEATURE:1cxx_range_for
    Feature record: CXX_FEATURE:1cxx_raw_string_literals
    Feature record: CXX_FEATURE:1cxx_reference_qualified_functions
    Feature record: CXX_FEATURE:0cxx_relaxed_constexpr
    Feature record: CXX_FEATURE:1cxx_return_type_deduction
    Feature record: CXX_FEATURE:1cxx_right_angle_brackets
    Feature record: CXX_FEATURE:1cxx_rvalue_references
    Feature record: CXX_FEATURE:1cxx_sizeof_member
    Feature record: CXX_FEATURE:1cxx_static_assert
    Feature record: CXX_FEATURE:1cxx_strong_enums
    Feature record: CXX_FEATURE:1cxx_template_template_parameters
    Feature record: CXX_FEATURE:1cxx_thread_local
    Feature record: CXX_FEATURE:1cxx_trailing_return_types
    Feature record: CXX_FEATURE:1cxx_unicode_literals
    Feature record: CXX_FEATURE:1cxx_uniform_initialization
    Feature record: CXX_FEATURE:1cxx_unrestricted_unions
    Feature record: CXX_FEATURE:1cxx_user_literals
    Feature record: CXX_FEATURE:0cxx_variable_templates
    Feature record: CXX_FEATURE:1cxx_variadic_macros
    Feature record: CXX_FEATURE:1cxx_variadic_templates


Detecting CXX [-std=c++11] compiler features compiled with the following output:
Change Dir: /Users/Andy/frc-2017-season/build/CMakeFiles/CMakeTmp

Run Build Command:"/usr/bin/make" "cmTC_07d88/fast"
/Applications/Xcode.app/Contents/Developer/usr/bin/make -f CMakeFiles/cmTC_07d88.dir/build.make CMakeFiles/cmTC_07d88.dir/build
Building CXX object CMakeFiles/cmTC_07d88.dir/feature_tests.cxx.o
/usr/local/bin/arm-frc-linux-gnueabi-g++  --sysroot=/usr/local/arm-frc-linux-gnueabi    -std=c++11 -o CMakeFiles/cmTC_07d88.dir/feature_tests.cxx.o -c /Users/Andy/frc-2017-season/build/CMakeFiles/feature_tests.cxx
Linking CXX executable cmTC_07d88
/usr/local/Cellar/cmake/3.6.2/bin/cmake -E cmake_link_script CMakeFiles/cmTC_07d88.dir/link.txt --verbose=1
/usr/local/bin/arm-frc-linux-gnueabi-g++  --sysroot=/usr/local/arm-frc-linux-gnueabi       CMakeFiles/cmTC_07d88.dir/feature_tests.cxx.o  -o cmTC_07d88 -rdynamic 


    Feature record: CXX_FEATURE:0cxx_aggregate_default_initializers
    Feature record: CXX_FEATURE:1cxx_alias_templates
    Feature record: CXX_FEATURE:1cxx_alignas
    Feature record: CXX_FEATURE:1cxx_alignof
    Feature record: CXX_FEATURE:1cxx_attributes
    Feature record: CXX_FEATURE:0cxx_attribute_deprecated
    Feature record: CXX_FEATURE:1cxx_auto_type
    Feature record: CXX_FEATURE:0cxx_binary_literals
    Feature record: CXX_FEATURE:1cxx_constexpr
    Feature record: CXX_FEATURE:0cxx_contextual_conversions
    Feature record: CXX_FEATURE:1cxx_decltype
    Feature record: CXX_FEATURE:0cxx_decltype_auto
    Feature record: CXX_FEATURE:1cxx_decltype_incomplete_return_types
    Feature record: CXX_FEATURE:1cxx_default_function_template_args
    Feature record: CXX_FEATURE:1cxx_defaulted_functions
    Feature record: CXX_FEATURE:1cxx_defaulted_move_initializers
    Feature record: CXX_FEATURE:1cxx_delegating_constructors
    Feature record: CXX_FEATURE:1cxx_deleted_functions
    Feature record: CXX_FEATURE:0cxx_digit_separators
    Feature record: CXX_FEATURE:1cxx_enum_forward_declarations
    Feature record: CXX_FEATURE:1cxx_explicit_conversions
    Feature record: CXX_FEATURE:1cxx_extended_friend_declarations
    Feature record: CXX_FEATURE:1cxx_extern_templates
    Feature record: CXX_FEATURE:1cxx_final
    Feature record: CXX_FEATURE:1cxx_func_identifier
    Feature record: CXX_FEATURE:1cxx_generalized_initializers
    Feature record: CXX_FEATURE:0cxx_generic_lambdas
    Feature record: CXX_FEATURE:1cxx_inheriting_constructors
    Feature record: CXX_FEATURE:1cxx_inline_namespaces
    Feature record: CXX_FEATURE:1cxx_lambdas
    Feature record: CXX_FEATURE:0cxx_lambda_init_captures
    Feature record: CXX_FEATURE:1cxx_local_type_template_args
    Feature record: CXX_FEATURE:1cxx_long_long_type
    Feature record: CXX_FEATURE:1cxx_noexcept
    Feature record: CXX_FEATURE:1cxx_nonstatic_member_init
    Feature record: CXX_FEATURE:1cxx_nullptr
    Feature record: CXX_FEATURE:1cxx_override
    Feature record: CXX_FEATURE:1cxx_range_for
    Feature record: CXX_FEATURE:1cxx_raw_string_literals
    Feature record: CXX_FEATURE:1cxx_reference_qualified_functions
    Feature record: CXX_FEATURE:0cxx_relaxed_constexpr
    Feature record: CXX_FEATURE:0cxx_return_type_deduction
    Feature record: CXX_FEATURE:1cxx_right_angle_brackets
    Feature record: CXX_FEATURE:1cxx_rvalue_references
    Feature record: CXX_FEATURE:1cxx_sizeof_member
    Feature record: CXX_FEATURE:1cxx_static_assert
    Feature record: CXX_FEATURE:1cxx_strong_enums
    Feature record: CXX_FEATURE:1cxx_template_template_parameters
    Feature record: CXX_FEATURE:1cxx_thread_local
    Feature record: CXX_FEATURE:1cxx_trailing_return_types
    Feature record: CXX_FEATURE:1cxx_unicode_literals
    Feature record: CXX_FEATURE:1cxx_uniform_initialization
    Feature record: CXX_FEATURE:1cxx_unrestricted_unions
    Feature record: CXX_FEATURE:1cxx_user_literals
    Feature record: CXX_FEATURE:0cxx_variable_templates
    Feature record: CXX_FEATURE:1cxx_variadic_macros
    Feature record: CXX_FEATURE:1cxx_variadic_templates


Detecting CXX [-std=c++98] compiler features compiled with the following output:
Change Dir: /Users/Andy/frc-2017-season/build/CMakeFiles/CMakeTmp

Run Build Command:"/usr/bin/make" "cmTC_0843e/fast"
/Applications/Xcode.app/Contents/Developer/usr/bin/make -f CMakeFiles/cmTC_0843e.dir/build.make CMakeFiles/cmTC_0843e.dir/build
Building CXX object CMakeFiles/cmTC_0843e.dir/feature_tests.cxx.o
/usr/local/bin/arm-frc-linux-gnueabi-g++  --sysroot=/usr/local/arm-frc-linux-gnueabi    -std=c++98 -o CMakeFiles/cmTC_0843e.dir/feature_tests.cxx.o -c /Users/Andy/frc-2017-season/build/CMakeFiles/feature_tests.cxx
Linking CXX executable cmTC_0843e
/usr/local/Cellar/cmake/3.6.2/bin/cmake -E cmake_link_script CMakeFiles/cmTC_0843e.dir/link.txt --verbose=1
/usr/local/bin/arm-frc-linux-gnueabi-g++  --sysroot=/usr/local/arm-frc-linux-gnueabi       CMakeFiles/cmTC_0843e.dir/feature_tests.cxx.o  -o cmTC_0843e -rdynamic 


    Feature record: CXX_FEATURE:0cxx_aggregate_default_initializers
    Feature record: CXX_FEATURE:0cxx_alias_templates
    Feature record: CXX_FEATURE:0cxx_alignas
    Feature record: CXX_FEATURE:0cxx_alignof
    Feature record: CXX_FEATURE:0cxx_attributes
    Feature record: CXX_FEATURE:0cxx_attribute_deprecated
    Feature record: CXX_FEATURE:0cxx_auto_type
    Feature record: CXX_FEATURE:0cxx_binary_literals
    Feature record: CXX_FEATURE:0cxx_constexpr
    Feature record: CXX_FEATURE:0cxx_contextual_conversions
    Feature record: CXX_FEATURE:0cxx_decltype
    Feature record: CXX_FEATURE:0cxx_decltype_auto
    Feature record: CXX_FEATURE:0cxx_decltype_incomplete_return_types
    Feature record: CXX_FEATURE:0cxx_default_function_template_args
    Feature record: CXX_FEATURE:0cxx_defaulted_functions
    Feature record: CXX_FEATURE:0cxx_defaulted_move_initializers
    Feature record: CXX_FEATURE:0cxx_delegating_constructors
    Feature record: CXX_FEATURE:0cxx_deleted_functions
    Feature record: CXX_FEATURE:0cxx_digit_separators
    Feature record: CXX_FEATURE:0cxx_enum_forward_declarations
    Feature record: CXX_FEATURE:0cxx_explicit_conversions
    Feature record: CXX_FEATURE:0cxx_extended_friend_declarations
    Feature record: CXX_FEATURE:0cxx_extern_templates
    Feature record: CXX_FEATURE:0cxx_final
    Feature record: CXX_FEATURE:0cxx_func_identifier
    Feature record: CXX_FEATURE:0cxx_generalized_initializers
    Feature record: CXX_FEATURE:0cxx_generic_lambdas
    Feature record: CXX_FEATURE:0cxx_inheriting_constructors
    Feature record: CXX_FEATURE:0cxx_inline_namespaces
    Feature record: CXX_FEATURE:0cxx_lambdas
    Feature record: CXX_FEATURE:0cxx_lambda_init_captures
    Feature record: CXX_FEATURE:0cxx_local_type_template_args
    Feature record: CXX_FEATURE:0cxx_long_long_type
    Feature record: CXX_FEATURE:0cxx_noexcept
    Feature record: CXX_FEATURE:0cxx_nonstatic_member_init
    Feature record: CXX_FEATURE:0cxx_nullptr
    Feature record: CXX_FEATURE:0cxx_override
    Feature record: CXX_FEATURE:0cxx_range_for
    Feature record: CXX_FEATURE:0cxx_raw_string_literals
    Feature record: CXX_FEATURE:0cxx_reference_qualified_functions
    Feature record: CXX_FEATURE:0cxx_relaxed_constexpr
    Feature record: CXX_FEATURE:0cxx_return_type_deduction
    Feature record: CXX_FEATURE:0cxx_right_angle_brackets
    Feature record: CXX_FEATURE:0cxx_rvalue_references
    Feature record: CXX_FEATURE:0cxx_sizeof_member
    Feature record: CXX_FEATURE:0cxx_static_assert
    Feature record: CXX_FEATURE:0cxx_strong_enums
    Feature record: CXX_FEATURE:1cxx_template_template_parameters
    Feature record: CXX_FEATURE:0cxx_thread_local
    Feature record: CXX_FEATURE:0cxx_trailing_return_types
    Feature record: CXX_FEATURE:0cxx_unicode_literals
    Feature record: CXX_FEATURE:0cxx_uniform_initialization
    Feature record: CXX_FEATURE:0cxx_unrestricted_unions
    Feature record: CXX_FEATURE:0cxx_user_literals
    Feature record: CXX_FEATURE:0cxx_variable_templates
    Feature record: CXX_FEATURE:0cxx_variadic_macros
    Feature record: CXX_FEATURE:0cxx_variadic_templates
